<?xml version="1.0" encoding="UTF-8"?>
<coverage generated="1512527337158" clover="3.2.0">
  <project timestamp="1512527337158" name="All files">
    <metrics statements="98" coveredstatements="39" conditionals="10" coveredconditionals="6" methods="42" coveredmethods="13" elements="150" coveredelements="58" complexity="0" loc="98" ncloc="98" packages="6" files="13" classes="13">
      <package name="app">
        <metrics statements="43" coveredstatements="25" conditionals="6" coveredconditionals="5" methods="10" coveredmethods="3"/>
        <file name="server.js" path="/home/yooo/dbwebb-kurser/ramverk2/me/redovisa/app/server.js">
          <metrics statements="17" coveredstatements="15" conditionals="6" coveredconditionals="5" methods="2" coveredmethods="2"/>
          <line num="3" count="1" type="stmt"/>
          <line num="4" count="1" type="stmt"/>
          <line num="5" count="1" type="stmt"/>
          <line num="6" count="1" type="stmt"/>
          <line num="7" count="1" type="cond" truecount="2" falsecount="0"/>
          <line num="8" count="1" type="cond" truecount="2" falsecount="0"/>
          <line num="9" count="1" type="stmt"/>
          <line num="11" count="1" type="stmt"/>
          <line num="13" count="1" type="stmt"/>
          <line num="15" count="1" type="stmt"/>
          <line num="16" count="1" type="stmt"/>
          <line num="19" count="1" type="stmt"/>
          <line num="20" count="1" type="cond" truecount="1" falsecount="1"/>
          <line num="21" count="0" type="stmt"/>
          <line num="22" count="0" type="stmt"/>
          <line num="25" count="1" type="stmt"/>
          <line num="33" count="1" type="stmt"/>
        </file>
        <file name="socketServer.js" path="/home/yooo/dbwebb-kurser/ramverk2/me/redovisa/app/socketServer.js">
          <metrics statements="26" coveredstatements="10" conditionals="0" coveredconditionals="0" methods="8" coveredmethods="1"/>
          <line num="1" count="1" type="stmt"/>
          <line num="5" count="1" type="stmt"/>
          <line num="6" count="1" type="stmt"/>
          <line num="8" count="1" type="stmt"/>
          <line num="9" count="1" type="stmt"/>
          <line num="10" count="1" type="stmt"/>
          <line num="12" count="1" type="stmt"/>
          <line num="14" count="1" type="stmt"/>
          <line num="15" count="1" type="stmt"/>
          <line num="19" count="0" type="stmt"/>
          <line num="23" count="0" type="stmt"/>
          <line num="27" count="0" type="stmt"/>
          <line num="31" count="0" type="stmt"/>
          <line num="35" count="0" type="stmt"/>
          <line num="36" count="0" type="stmt"/>
          <line num="37" count="0" type="stmt"/>
          <line num="38" count="0" type="stmt"/>
          <line num="39" count="0" type="stmt"/>
          <line num="43" count="0" type="stmt"/>
          <line num="44" count="0" type="stmt"/>
          <line num="46" count="0" type="stmt"/>
          <line num="47" count="0" type="stmt"/>
          <line num="48" count="0" type="stmt"/>
          <line num="49" count="0" type="stmt"/>
          <line num="50" count="0" type="stmt"/>
          <line num="55" count="1" type="stmt"/>
        </file>
      </package>
      <package name="app.js.app">
        <metrics statements="2" coveredstatements="2" conditionals="2" coveredconditionals="1" methods="1" coveredmethods="1"/>
        <file name="App.js" path="/home/yooo/dbwebb-kurser/ramverk2/me/redovisa/app/js/app/App.js">
          <metrics statements="2" coveredstatements="2" conditionals="2" coveredconditionals="1" methods="1" coveredmethods="1"/>
          <line num="17" count="1" type="stmt"/>
          <line num="27" count="1" type="stmt"/>
        </file>
      </package>
      <package name="app.js.app.components">
        <metrics statements="25" coveredstatements="6" conditionals="2" coveredconditionals="0" methods="14" coveredmethods="6"/>
        <file name="About.js" path="/home/yooo/dbwebb-kurser/ramverk2/me/redovisa/app/js/app/components/About.js">
          <metrics statements="2" coveredstatements="2" conditionals="0" coveredconditionals="0" methods="2" coveredmethods="2"/>
          <line num="5" count="1" type="stmt"/>
          <line num="9" count="1" type="stmt"/>
        </file>
        <file name="Chat.js" path="/home/yooo/dbwebb-kurser/ramverk2/me/redovisa/app/js/app/components/Chat.js">
          <metrics statements="19" coveredstatements="0" conditionals="2" coveredconditionals="0" methods="8" coveredmethods="0"/>
          <line num="10" count="0" type="stmt"/>
          <line num="13" count="0" type="stmt"/>
          <line num="19" count="0" type="stmt"/>
          <line num="20" count="0" type="stmt"/>
          <line num="21" count="0" type="stmt"/>
          <line num="22" count="0" type="stmt"/>
          <line num="24" count="0" type="stmt"/>
          <line num="25" count="0" type="stmt"/>
          <line num="26" count="0" type="stmt"/>
          <line num="30" count="0" type="stmt"/>
          <line num="31" count="0" type="stmt"/>
          <line num="38" count="0" type="stmt"/>
          <line num="39" count="0" type="stmt"/>
          <line num="45" count="0" type="stmt"/>
          <line num="49" count="0" type="stmt"/>
          <line num="56" count="0" type="stmt"/>
          <line num="58" count="0" type="stmt"/>
          <line num="60" count="0" type="stmt"/>
          <line num="66" count="0" type="stmt"/>
        </file>
        <file name="Index.js" path="/home/yooo/dbwebb-kurser/ramverk2/me/redovisa/app/js/app/components/Index.js">
          <metrics statements="2" coveredstatements="2" conditionals="0" coveredconditionals="0" methods="2" coveredmethods="2"/>
          <line num="6" count="1" type="stmt"/>
          <line num="10" count="1" type="stmt"/>
        </file>
        <file name="Report.js" path="/home/yooo/dbwebb-kurser/ramverk2/me/redovisa/app/js/app/components/Report.js">
          <metrics statements="2" coveredstatements="2" conditionals="0" coveredconditionals="0" methods="2" coveredmethods="2"/>
          <line num="5" count="1" type="stmt"/>
          <line num="9" count="1" type="stmt"/>
        </file>
      </package>
      <package name="app.js.app.components.chat">
        <metrics statements="25" coveredstatements="3" conditionals="0" coveredconditionals="0" methods="14" coveredmethods="0"/>
        <file name="ChatWindow.js" path="/home/yooo/dbwebb-kurser/ramverk2/me/redovisa/app/js/app/components/chat/ChatWindow.js">
          <metrics statements="12" coveredstatements="1" conditionals="0" coveredconditionals="0" methods="7" coveredmethods="0"/>
          <line num="6" count="0" type="stmt"/>
          <line num="8" count="0" type="stmt"/>
          <line num="12" count="0" type="stmt"/>
          <line num="13" count="0" type="stmt"/>
          <line num="17" count="0" type="stmt"/>
          <line num="23" count="0" type="stmt"/>
          <line num="24" count="0" type="stmt"/>
          <line num="30" count="0" type="stmt"/>
          <line num="34" count="0" type="stmt"/>
          <line num="38" count="0" type="stmt"/>
          <line num="43" count="0" type="stmt"/>
          <line num="54" count="1" type="stmt"/>
        </file>
        <file name="GenerateNick.js" path="/home/yooo/dbwebb-kurser/ramverk2/me/redovisa/app/js/app/components/chat/GenerateNick.js">
          <metrics statements="9" coveredstatements="1" conditionals="0" coveredconditionals="0" methods="4" coveredmethods="0"/>
          <line num="6" count="0" type="stmt"/>
          <line num="8" count="0" type="stmt"/>
          <line num="12" count="0" type="stmt"/>
          <line num="13" count="0" type="stmt"/>
          <line num="17" count="0" type="stmt"/>
          <line num="23" count="0" type="stmt"/>
          <line num="25" count="0" type="stmt"/>
          <line num="29" count="0" type="stmt"/>
          <line num="39" count="1" type="stmt"/>
        </file>
        <file name="Sidebar.js" path="/home/yooo/dbwebb-kurser/ramverk2/me/redovisa/app/js/app/components/chat/Sidebar.js">
          <metrics statements="4" coveredstatements="1" conditionals="0" coveredconditionals="0" methods="3" coveredmethods="0"/>
          <line num="6" count="0" type="stmt"/>
          <line num="10" count="0" type="stmt"/>
          <line num="14" count="0" type="stmt"/>
          <line num="25" count="1" type="stmt"/>
        </file>
      </package>
      <package name="app.js.app.components.common">
        <metrics statements="2" coveredstatements="2" conditionals="0" coveredconditionals="0" methods="2" coveredmethods="2"/>
        <file name="Footer.js" path="/home/yooo/dbwebb-kurser/ramverk2/me/redovisa/app/js/app/components/common/Footer.js">
          <metrics statements="1" coveredstatements="1" conditionals="0" coveredconditionals="0" methods="1" coveredmethods="1"/>
          <line num="5" count="1" type="stmt"/>
        </file>
        <file name="Navbar.js" path="/home/yooo/dbwebb-kurser/ramverk2/me/redovisa/app/js/app/components/common/Navbar.js">
          <metrics statements="1" coveredstatements="1" conditionals="0" coveredconditionals="0" methods="1" coveredmethods="1"/>
          <line num="6" count="1" type="stmt"/>
        </file>
      </package>
      <package name="app.js.app.components.internal">
        <metrics statements="1" coveredstatements="1" conditionals="0" coveredconditionals="0" methods="1" coveredmethods="1"/>
        <file name="NotFound.js" path="/home/yooo/dbwebb-kurser/ramverk2/me/redovisa/app/js/app/components/internal/NotFound.js">
          <metrics statements="1" coveredstatements="1" conditionals="0" coveredconditionals="0" methods="1" coveredmethods="1"/>
          <line num="3" count="1" type="stmt"/>
        </file>
      </package>
    </metrics>
  </project>
</coverage>
