{"/home/yooo/dbwebb-kurser/ramverk2/me/redovisa/app/server.js": {"path":"/home/yooo/dbwebb-kurser/ramverk2/me/redovisa/app/server.js","statementMap":{"0":{"start":{"line":3,"column":14},"end":{"line":3,"column":32}},"1":{"start":{"line":4,"column":10},"end":{"line":4,"column":19}},"2":{"start":{"line":5,"column":11},"end":{"line":5,"column":26}},"3":{"start":{"line":6,"column":11},"end":{"line":6,"column":42}},"4":{"start":{"line":7,"column":18},"end":{"line":7,"column":49}},"5":{"start":{"line":11,"column":0},"end":{"line":11,"column":37}},"6":{"start":{"line":13,"column":0},"end":{"line":15,"column":3}},"7":{"start":{"line":14,"column":4},"end":{"line":14,"column":44}},"8":{"start":{"line":17,"column":0},"end":{"line":29,"column":3}},"9":{"start":{"line":18,"column":4},"end":{"line":21,"column":5}},"10":{"start":{"line":19,"column":8},"end":{"line":19,"column":29}},"11":{"start":{"line":20,"column":8},"end":{"line":20,"column":15}},"12":{"start":{"line":23,"column":4},"end":{"line":27,"column":6}},"13":{"start":{"line":31,"column":0},"end":{"line":31,"column":21}}},"fnMap":{"0":{"name":"(anonymous_0)","decl":{"start":{"line":13,"column":13},"end":{"line":13,"column":14}},"loc":{"start":{"line":13,"column":32},"end":{"line":15,"column":1}},"line":13},"1":{"name":"(anonymous_1)","decl":{"start":{"line":17,"column":17},"end":{"line":17,"column":18}},"loc":{"start":{"line":17,"column":33},"end":{"line":29,"column":1}},"line":17}},"branchMap":{"0":{"loc":{"start":{"line":6,"column":11},"end":{"line":6,"column":42}},"type":"binary-expr","locations":[{"start":{"line":6,"column":11},"end":{"line":6,"column":34}},{"start":{"line":6,"column":38},"end":{"line":6,"column":42}}],"line":6},"1":{"loc":{"start":{"line":18,"column":4},"end":{"line":21,"column":5}},"type":"if","locations":[{"start":{"line":18,"column":4},"end":{"line":21,"column":5}},{"start":{"line":18,"column":4},"end":{"line":21,"column":5}}],"line":18}},"s":{"0":1,"1":1,"2":1,"3":1,"4":1,"5":1,"6":1,"7":1,"8":1,"9":1,"10":0,"11":0,"12":1,"13":1},"f":{"0":1,"1":1},"b":{"0":[1,1],"1":[0,1]},"_coverageSchema":"332fd63041d2c1bcb487cc26dd0d5f7d97098a6c","hash":"bbe3a59a35e78363142deb5322523906976e9a2a"}
,"/home/yooo/dbwebb-kurser/ramverk2/me/redovisa/app/js/app/App.js": {"path":"/home/yooo/dbwebb-kurser/ramverk2/me/redovisa/app/js/app/App.js","statementMap":{"0":{"start":{"line":16,"column":14},"end":{"line":20,"column":1}},"1":{"start":{"line":26,"column":8},"end":{"line":41,"column":10}}},"fnMap":{"0":{"name":"(anonymous_0)","decl":{"start":{"line":25,"column":4},"end":{"line":25,"column":5}},"loc":{"start":{"line":25,"column":13},"end":{"line":42,"column":5}},"line":25}},"branchMap":{"0":{"loc":{"start":{"line":19,"column":4},"end":{"line":19,"column":80}},"type":"binary-expr","locations":[{"start":{"line":19,"column":4},"end":{"line":19,"column":39}},{"start":{"line":19,"column":43},"end":{"line":19,"column":80}}],"line":19}},"s":{"0":1,"1":1},"f":{"0":1},"b":{"0":[1,0]},"_coverageSchema":"332fd63041d2c1bcb487cc26dd0d5f7d97098a6c","hash":"9420a0513b6cc4ca025a41e26c61b5be7d9b6e97"}
,"/home/yooo/dbwebb-kurser/ramverk2/me/redovisa/app/js/app/components/About.js": {"path":"/home/yooo/dbwebb-kurser/ramverk2/me/redovisa/app/js/app/components/About.js","statementMap":{"0":{"start":{"line":5,"column":8},"end":{"line":5,"column":21}},"1":{"start":{"line":9,"column":8},"end":{"line":29,"column":10}}},"fnMap":{"0":{"name":"(anonymous_0)","decl":{"start":{"line":4,"column":4},"end":{"line":4,"column":5}},"loc":{"start":{"line":4,"column":23},"end":{"line":6,"column":5}},"line":4},"1":{"name":"(anonymous_1)","decl":{"start":{"line":8,"column":4},"end":{"line":8,"column":5}},"loc":{"start":{"line":8,"column":13},"end":{"line":30,"column":5}},"line":8}},"branchMap":{},"s":{"0":1,"1":1},"f":{"0":1,"1":1},"b":{},"_coverageSchema":"332fd63041d2c1bcb487cc26dd0d5f7d97098a6c","hash":"b000aea96a67139b61ca1a477209f7b6f55ee913"}
,"/home/yooo/dbwebb-kurser/ramverk2/me/redovisa/app/js/app/components/Index.js": {"path":"/home/yooo/dbwebb-kurser/ramverk2/me/redovisa/app/js/app/components/Index.js","statementMap":{"0":{"start":{"line":6,"column":8},"end":{"line":6,"column":21}},"1":{"start":{"line":10,"column":8},"end":{"line":32,"column":10}}},"fnMap":{"0":{"name":"(anonymous_0)","decl":{"start":{"line":5,"column":4},"end":{"line":5,"column":5}},"loc":{"start":{"line":5,"column":23},"end":{"line":7,"column":5}},"line":5},"1":{"name":"(anonymous_1)","decl":{"start":{"line":9,"column":4},"end":{"line":9,"column":5}},"loc":{"start":{"line":9,"column":13},"end":{"line":33,"column":5}},"line":9}},"branchMap":{},"s":{"0":1,"1":1},"f":{"0":1,"1":1},"b":{},"_coverageSchema":"332fd63041d2c1bcb487cc26dd0d5f7d97098a6c","hash":"b48cb0a20a4d1aff53205cc40d77b0206b3438b8"}
,"/home/yooo/dbwebb-kurser/ramverk2/me/redovisa/app/js/app/components/Report.js": {"path":"/home/yooo/dbwebb-kurser/ramverk2/me/redovisa/app/js/app/components/Report.js","statementMap":{"0":{"start":{"line":5,"column":8},"end":{"line":5,"column":21}},"1":{"start":{"line":9,"column":8},"end":{"line":43,"column":10}}},"fnMap":{"0":{"name":"(anonymous_0)","decl":{"start":{"line":4,"column":4},"end":{"line":4,"column":5}},"loc":{"start":{"line":4,"column":23},"end":{"line":6,"column":5}},"line":4},"1":{"name":"(anonymous_1)","decl":{"start":{"line":8,"column":4},"end":{"line":8,"column":5}},"loc":{"start":{"line":8,"column":13},"end":{"line":44,"column":5}},"line":8}},"branchMap":{},"s":{"0":1,"1":1},"f":{"0":1,"1":1},"b":{},"_coverageSchema":"332fd63041d2c1bcb487cc26dd0d5f7d97098a6c","hash":"1b9aed7885c6b175c4b9c3329fb0085ebd80f6c6"}
,"/home/yooo/dbwebb-kurser/ramverk2/me/redovisa/app/js/app/components/common/Footer.js": {"path":"/home/yooo/dbwebb-kurser/ramverk2/me/redovisa/app/js/app/components/common/Footer.js","statementMap":{"0":{"start":{"line":5,"column":8},"end":{"line":9,"column":10}}},"fnMap":{"0":{"name":"(anonymous_0)","decl":{"start":{"line":4,"column":4},"end":{"line":4,"column":5}},"loc":{"start":{"line":4,"column":13},"end":{"line":10,"column":5}},"line":4}},"branchMap":{},"s":{"0":1},"f":{"0":1},"b":{},"_coverageSchema":"332fd63041d2c1bcb487cc26dd0d5f7d97098a6c","hash":"25ecfafd8b79a9274622045bb3ad0003b2771eb9"}
,"/home/yooo/dbwebb-kurser/ramverk2/me/redovisa/app/js/app/components/common/Navbar.js": {"path":"/home/yooo/dbwebb-kurser/ramverk2/me/redovisa/app/js/app/components/common/Navbar.js","statementMap":{"0":{"start":{"line":6,"column":8},"end":{"line":36,"column":10}}},"fnMap":{"0":{"name":"(anonymous_0)","decl":{"start":{"line":5,"column":4},"end":{"line":5,"column":5}},"loc":{"start":{"line":5,"column":13},"end":{"line":37,"column":5}},"line":5}},"branchMap":{},"s":{"0":1},"f":{"0":1},"b":{},"_coverageSchema":"332fd63041d2c1bcb487cc26dd0d5f7d97098a6c","hash":"11c6d49cc2b69838149d1c60fe15ef60f0a68377"}
,"/home/yooo/dbwebb-kurser/ramverk2/me/redovisa/app/js/app/components/internal/NotFound.js": {"path":"/home/yooo/dbwebb-kurser/ramverk2/me/redovisa/app/js/app/components/internal/NotFound.js","statementMap":{"0":{"start":{"line":3,"column":15},"end":{"line":3,"column":80}},"1":{"start":{"line":3,"column":21},"end":{"line":3,"column":80}}},"fnMap":{"0":{"name":"(anonymous_0)","decl":{"start":{"line":3,"column":15},"end":{"line":3,"column":16}},"loc":{"start":{"line":3,"column":21},"end":{"line":3,"column":80}},"line":3}},"branchMap":{},"s":{"0":1,"1":1},"f":{"0":1},"b":{},"_coverageSchema":"332fd63041d2c1bcb487cc26dd0d5f7d97098a6c","hash":"94f52592b45fbcf1a7c98af61ed2e5a0cd757d95"}
}
